<?xml version="1.0" encoding="UTF-8"?>
<!-- Generated by org.testng.reporters.JUnitXMLReporter -->
<testsuite hostname="AFFINITV-003" ignored="0" name="Banking App Test" tests="1" failures="1" timestamp="23 Mar 2019 13:56:19 GMT" time="10.627" errors="0">
  <testcase name="login" time="2.926" classname="com.inetBanking.testCases.TC_LoginTest_001">
    <failure type="java.lang.AssertionError" message="expected [true] but found [false]">
      <![CDATA[java.lang.AssertionError: expected [true] but found [false]
at com.inetBanking.testCases.TC_LoginTest_001.login(TC_LoginTest_001.java:34)
... Removed 29 stack frames]]>
    </failure>
  </testcase> <!-- login -->
</testsuite> <!-- Banking App Test -->
